
2016-11-18 20:35:08
[ERROR]-[Thread: main]-[com.jfinal.kit.LogKit.error()]: Can not create instance of class: com.demo.common.config.DemoConfig
java.lang.RuntimeException: Can not create instance of class: com.demo.common.config.DemoConfig
	at com.jfinal.core.JFinalFilter.createJFinalConfig(JFinalFilter.java:98)
	at com.jfinal.core.JFinalFilter.init(JFinalFilter.java:47)
	at org.eclipse.jetty.servlet.FilterHolder.doStart(FilterHolder.java:119)
	at org.eclipse.jetty.util.component.AbstractLifeCycle.start(AbstractLifeCycle.java:64)
	at org.eclipse.jetty.servlet.ServletHandler.initialize(ServletHandler.java:724)
	at org.eclipse.jetty.servlet.ServletContextHandler.startContext(ServletContextHandler.java:265)
	at org.eclipse.jetty.webapp.WebAppContext.startContext(WebAppContext.java:1250)
	at org.eclipse.jetty.server.handler.ContextHandler.doStart(ContextHandler.java:706)
	at org.eclipse.jetty.webapp.WebAppContext.doStart(WebAppContext.java:492)
	at org.eclipse.jetty.util.component.AbstractLifeCycle.start(AbstractLifeCycle.java:64)
	at org.eclipse.jetty.server.handler.HandlerWrapper.doStart(HandlerWrapper.java:95)
	at org.eclipse.jetty.server.Server.doStart(Server.java:277)
	at org.eclipse.jetty.util.component.AbstractLifeCycle.start(AbstractLifeCycle.java:64)
	at com.jfinal.server.JettyServer.doStart(JettyServer.java:122)
	at com.jfinal.server.JettyServer.start(JettyServer.java:65)
	at com.jfinal.core.JFinal.start(JFinal.java:154)
	at top.aiome.AppConfig.main(AppConfig.java:104)
Caused by: java.lang.ClassNotFoundException: com.demo.common.config.DemoConfig
	at java.net.URLClassLoader.findClass(Unknown Source)
	at java.lang.ClassLoader.loadClass(Unknown Source)
	at sun.misc.Launcher$AppClassLoader.loadClass(Unknown Source)
	at java.lang.ClassLoader.loadClass(Unknown Source)
	at org.eclipse.jetty.webapp.WebAppClassLoader.loadClass(WebAppClassLoader.java:430)
	at org.eclipse.jetty.webapp.WebAppClassLoader.loadClass(WebAppClassLoader.java:383)
	at java.lang.Class.forName0(Native Method)
	at java.lang.Class.forName(Unknown Source)
	at com.jfinal.core.JFinalFilter.createJFinalConfig(JFinalFilter.java:96)
	... 16 more

2016-11-18 20:36:06
[ERROR]-[Thread: main]-[com.jfinal.kit.LogKit.error()]: Properties file not found in classpath: jdbc.properties
java.lang.IllegalArgumentException: Properties file not found in classpath: jdbc.properties
	at com.jfinal.kit.Prop.<init>(Prop.java:60)
	at com.jfinal.config.JFinalConfig.loadPropertyFile(JFinalConfig.java:85)
	at com.jfinal.config.JFinalConfig.loadPropertyFile(JFinalConfig.java:73)
	at top.aiome.AppConfig.configPlugin(AppConfig.java:54)
	at com.jfinal.core.Config.configJFinal(Config.java:49)
	at com.jfinal.core.JFinal.init(JFinal.java:62)
	at com.jfinal.core.JFinalFilter.init(JFinalFilter.java:49)
	at org.eclipse.jetty.servlet.FilterHolder.doStart(FilterHolder.java:119)
	at org.eclipse.jetty.util.component.AbstractLifeCycle.start(AbstractLifeCycle.java:64)
	at org.eclipse.jetty.servlet.ServletHandler.initialize(ServletHandler.java:724)
	at org.eclipse.jetty.servlet.ServletContextHandler.startContext(ServletContextHandler.java:265)
	at org.eclipse.jetty.webapp.WebAppContext.startContext(WebAppContext.java:1250)
	at org.eclipse.jetty.server.handler.ContextHandler.doStart(ContextHandler.java:706)
	at org.eclipse.jetty.webapp.WebAppContext.doStart(WebAppContext.java:492)
	at org.eclipse.jetty.util.component.AbstractLifeCycle.start(AbstractLifeCycle.java:64)
	at org.eclipse.jetty.server.handler.HandlerWrapper.doStart(HandlerWrapper.java:95)
	at org.eclipse.jetty.server.Server.doStart(Server.java:277)
	at org.eclipse.jetty.util.component.AbstractLifeCycle.start(AbstractLifeCycle.java:64)
	at com.jfinal.server.JettyServer.doStart(JettyServer.java:122)
	at com.jfinal.server.JettyServer.start(JettyServer.java:65)
	at com.jfinal.core.JFinal.start(JFinal.java:154)
	at top.aiome.AppConfig.main(AppConfig.java:104)
